<?xml version="1.0" encoding="UTF-8"?>
<!-- Generated by org.testng.reporters.JUnitReportReporter -->
<testsuite hostname="DESKTOP-7J833FF" failures="0" tests="6" name="com.crm.TestNG.AnimalsTest" time="0.012" errors="0" timestamp="2022-06-14T11:07:04 IST" skipped="0">
  <testcase classname="com.crm.TestNG.AnimalsTest" name="ratTest" time="0.001"/>
  <system-out>
    <![CDATA[small]]>
  </system-out>
  <testcase classname="com.crm.TestNG.AnimalsTest" name="elephantTest" time="0.001"/>
  <system-out>
    <![CDATA[big]]>
  </system-out>
  <testcase classname="com.crm.TestNG.AnimalsTest" name="elephantTest" time="0.007"/>
  <system-out>
    <![CDATA[big]]>
  </system-out>
  <testcase classname="com.crm.TestNG.AnimalsTest" name="elephantTest" time="0.001"/>
  <system-out>
    <![CDATA[big]]>
  </system-out>
  <testcase classname="com.crm.TestNG.AnimalsTest" name="dogTest" time="0.001"/>
  <system-out>
    <![CDATA[medium]]>
  </system-out>
  <testcase classname="com.crm.TestNG.AnimalsTest" name="dogTest" time="0.001"/>
  <system-out>
    <![CDATA[medium]]>
  </system-out>
</testsuite> <!-- com.crm.TestNG.AnimalsTest -->
