<?xml version="1.0" encoding="UTF-8"?>
<!-- Generated by org.testng.reporters.JUnitReportReporter -->
<testsuite hostname="DESKTOP-7J833FF" failures="0" tests="1" name="com.crm.CreateOrganization.CreateOrganizationAndVerify" time="33.547" errors="0" timestamp="2022-06-14T22:23:53 IST" skipped="0">
  <testcase classname="com.crm.CreateOrganization.CreateOrganizationAndVerify" name="createOrganizationAndVerifyTest" time="33.547"/>
  <system-out/>
</testsuite> <!-- com.crm.CreateOrganization.CreateOrganizationAndVerify -->
