<?xml version="1.0" encoding="UTF-8"?>
<!-- Generated by org.testng.reporters.JUnitReportReporter -->
<testsuite hostname="DESKTOP-7J833FF" failures="0" tests="3" name="com.crm.Dataprovider.ToBookABusTicketTest" time="0.017" errors="0" timestamp="2022-06-15T11:04:16 IST" skipped="0">
  <testcase classname="com.crm.Dataprovider.ToBookABusTicketTest" name="bookingTicketTest" time="0.011"/>
  <system-out/>
  <testcase classname="com.crm.Dataprovider.ToBookABusTicketTest" name="bookingTicketTest" time="0.003"/>
  <system-out/>
  <testcase classname="com.crm.Dataprovider.ToBookABusTicketTest" name="bookingTicketTest" time="0.003"/>
  <system-out/>
</testsuite> <!-- com.crm.Dataprovider.ToBookABusTicketTest -->
