<?xml version="1.0" encoding="UTF-8"?>
<!-- Generated by org.testng.reporters.JUnitReportReporter -->
<testsuite hostname="DESKTOP-7J833FF" failures="0" tests="1" name="com.crm.contact.PortalUserboxIsEnableOrNotTest" time="27.233" errors="0" timestamp="2022-06-18T20:00:41 IST" skipped="0">
  <testcase classname="com.crm.contact.PortalUserboxIsEnableOrNotTest" name="portalUserboxIsEnableOrNotTest" time="27.233"/>
  <system-out/>
</testsuite> <!-- com.crm.contact.PortalUserboxIsEnableOrNotTest -->
