<?xml version="1.0" encoding="UTF-8"?>
<!-- Generated by org.testng.reporters.JUnitReportReporter -->
<testsuite hostname="DESKTOP-7J833FF" failures="0" tests="1" name="com.crm.CreateContacts.CreateAContactAndVerifyTest" time="42.196" errors="0" timestamp="2022-06-17T21:20:06 IST" skipped="0">
  <testcase classname="com.crm.CreateContacts.CreateAContactAndVerifyTest" name="createAContactAndVerifyTest" time="42.196"/>
  <system-out/>
</testsuite> <!-- com.crm.CreateContacts.CreateAContactAndVerifyTest -->
