<?xml version="1.0" encoding="UTF-8"?>
<!-- Generated by org.testng.reporters.JUnitReportReporter -->
<testsuite hostname="DESKTOP-7J833FF" failures="0" tests="1" name="com.crm.contact.NotifyOwnerBoxIsEnableOrNotTest" time="26.587" errors="0" timestamp="2022-06-18T19:59:38 IST" skipped="0">
  <testcase classname="com.crm.contact.NotifyOwnerBoxIsEnableOrNotTest" name="notifyOwnerBoxIsEnableOrNotTest" time="26.587"/>
  <system-out/>
</testsuite> <!-- com.crm.contact.NotifyOwnerBoxIsEnableOrNotTest -->
