<?xml version="1.0" encoding="UTF-8"?>
<!-- Generated by org.testng.reporters.JUnitReportReporter -->
<testsuite hostname="DESKTOP-7J833FF" failures="0" tests="1" name="com.crm.contact.ReferanceBoxIsEnableOrNotTest" time="26.936" errors="0" timestamp="2022-06-18T20:01:26 IST" skipped="0">
  <testcase classname="com.crm.contact.ReferanceBoxIsEnableOrNotTest" name="referanceBoxIsEnableOrNotTest" time="26.936"/>
  <system-out/>
</testsuite> <!-- com.crm.contact.ReferanceBoxIsEnableOrNotTest -->
