<?xml version="1.0" encoding="UTF-8"?>
<!-- Generated by org.testng.reporters.JUnitReportReporter -->
<testsuite hostname="DESKTOP-7J833FF" failures="0" tests="1" name="com.crm.CreateOrganization.CreateOrganizationByUsingIndustry" time="13.498" errors="0" timestamp="2022-06-14T18:06:38 IST" skipped="0">
  <testcase classname="com.crm.CreateOrganization.CreateOrganizationByUsingIndustry" name="createOrganizationByUsingIndustryTest" time="13.498"/>
  <system-out/>
</testsuite> <!-- com.crm.CreateOrganization.CreateOrganizationByUsingIndustry -->
