<?xml version="1.0" encoding="UTF-8"?>
<!-- Generated by org.testng.reporters.JUnitReportReporter -->
<testsuite hostname="DESKTOP-7J833FF" failures="0" tests="1" name="com.crm.CreateContacts.CreateAContactAndVerify" time="28.545" errors="0" timestamp="2022-06-15T12:55:55 IST" skipped="0">
  <testcase classname="com.crm.CreateContacts.CreateAContactAndVerify" name="createAContactAndVerifyTest" time="28.545"/>
  <system-out/>
</testsuite> <!-- com.crm.CreateContacts.CreateAContactAndVerify -->
