<?xml version="1.0" encoding="UTF-8"?>
<!-- Generated by org.testng.reporters.JUnitReportReporter -->
<testsuite hostname="DESKTOP-7J833FF" failures="0" tests="1" name="com.crm.CreateContacts.CreateAContactAndVerifyInOrg" time="24.080" errors="0" timestamp="2022-06-15T12:55:55 IST" skipped="0">
  <testcase classname="com.crm.CreateContacts.CreateAContactAndVerifyInOrg" name="createAContactAndVerifyInOrgTest" time="24.080"/>
  <system-out/>
</testsuite> <!-- com.crm.CreateContacts.CreateAContactAndVerifyInOrg -->
