<?xml version="1.0" encoding="UTF-8"?>
<!-- Generated by org.testng.reporters.JUnitReportReporter -->
<testsuite hostname="DESKTOP-7J833FF" failures="0" tests="1" name="com.crm.TestNG.NewTest" time="0.003" errors="0" timestamp="2022-06-14T11:48:12 IST" skipped="0">
  <testcase classname="com.crm.TestNG.NewTest" name="f" time="0.003"/>
  <system-out/>
</testsuite> <!-- com.crm.TestNG.NewTest -->
